<?xml version="1.0" encoding="UTF-8"?>
<!-- Generated by org.testng.reporters.JUnitXMLReporter -->
<testsuite ignored="0" hostname="DESKTOP-9N3RLMN" failures="0" tests="3" name="Default test" time="0.097" errors="0" timestamp="2024-08-24T15:52:44 IST">
  <testcase classname="dataProviderAnnotation.data_provider_annotation" name="logintest" time="0.011"/>
  <testcase classname="dataProviderAnnotation.data_provider_annotation" name="logintest" time="0.004"/>
  <testcase classname="dataProviderAnnotation.data_provider_annotation" name="logintest" time="0.002"/>
</testsuite> <!-- Default test -->
