<?xml version="1.0" encoding="UTF-8"?>
<!-- Generated by org.testng.reporters.JUnitXMLReporter -->
<testsuite ignored="3" hostname="DESKTOP-9N3RLMN" failures="0" tests="2" name="Framework_lessons" time="0.062" errors="0" timestamp="2024-09-03T11:17:37 IST">
  <testcase classname="Framework_lessons.Groups" name="smoke_test1" time="0.004"/>
  <testcase classname="Framework_lessons.Groups" name="smoke_test2" time="0.008"/>
  <testcase classname="Framework_lessons.Groups" name="Regression_test1" time="0.0">
    <ignored/>
  </testcase> <!-- Regression_test1 -->
  <testcase classname="Framework_lessons.Groups" name="Regression_test2" time="0.0">
    <ignored/>
  </testcase> <!-- Regression_test2 -->
  <testcase classname="Framework_lessons.Groups" name="demo1" time="0.0">
    <ignored/>
  </testcase> <!-- demo1 -->
</testsuite> <!-- Framework_lessons -->
