<?xml version="1.0" encoding="UTF-8"?>
<!-- Generated by org.testng.reporters.JUnitXMLReporter -->
<testsuite ignored="1" hostname="DESKTOP-9N3RLMN" failures="0" tests="3" name="Helper_attributes" time="0.108" errors="0" timestamp="2024-09-03T11:17:37 IST">
  <testcase classname="annotation_helper_attributes.helper_attributes" name="attribute_4" time="0.02"/>
  <testcase classname="annotation_helper_attributes.helper_attributes" name="helper_attribute_2" time="0.002"/>
  <testcase classname="annotation_helper_attributes.helper_attributes" name="helper_attribute_1" time="0.007"/>
  <testcase classname="annotation_helper_attributes.helper_attributes" name="attribute_3" time="0.0">
    <ignored/>
  </testcase> <!-- attribute_3 -->
</testsuite> <!-- Helper_attributes -->
