<?xml version="1.0" encoding="UTF-8"?>
<!-- Generated by org.testng.reporters.JUnitXMLReporter -->
<testsuite ignored="3" hostname="DESKTOP-9N3RLMN" failures="0" tests="2" name="Test" time="0.089" errors="0" timestamp="2024-08-07T11:25:40 IST">
  <testcase classname="Framework_lessons.Groups" name="smoke_test1" time="0.013"/>
  <testcase classname="Framework_lessons.Groups" name="smoke_test2" time="0.002"/>
  <testcase classname="Framework_lessons.Groups" name="Regression_test1" time="0.0">
    <ignored/>
  </testcase> <!-- Regression_test1 -->
  <testcase classname="Framework_lessons.Groups" name="Regression_test2" time="0.0">
    <ignored/>
  </testcase> <!-- Regression_test2 -->
  <testcase classname="Framework_lessons.Groups" name="demo1" time="0.0">
    <ignored/>
  </testcase> <!-- demo1 -->
</testsuite> <!-- Test -->
